<?xml version="1.0" encoding="UTF-8"?>
<!-- Generated by org.testng.reporters.JUnitReportReporter -->
<testsuite hostname="Durvesh_Intern" failures="0" tests="3" name="assignment3.FileUploadAndDownload" time="41.915" errors="0" timestamp="2024-09-13T20:06:48 IST" skipped="0">
  <testcase classname="assignment3.FileUploadAndDownload" name="FileDownload" time="4.441"/>
  <testcase classname="assignment3.FileUploadAndDownload" name="FileDownload2" time="23.274"/>
  <testcase classname="assignment3.FileUploadAndDownload" name="FileUpload" time="14.200"/>
</testsuite> <!-- assignment3.FileUploadAndDownload -->
