<?xml version="1.0" encoding="UTF-8"?>
<!-- Generated by org.testng.reporters.JUnitReportReporter -->
<testsuite hostname="Durvesh_Intern" failures="0" tests="2" name="assignment2.DynamicWebTable" time="51.095" errors="0" timestamp="2024-09-13T20:06:48 IST" skipped="0">
  <testcase classname="assignment2.DynamicWebTable" name="testSortAndVerify" time="25.337"/>
  <testcase classname="assignment2.DynamicWebTable" name="testExtractAndValidate" time="25.758"/>
</testsuite> <!-- assignment2.DynamicWebTable -->
