<?xml version="1.0" encoding="UTF-8"?>
<!-- Generated by org.testng.reporters.JUnitReportReporter -->
<testsuite hostname="Durvesh_Intern" failures="0" tests="2" name="DynamicWebTable" time="43.608" errors="0" timestamp="2024-09-12T16:27:05 IST" skipped="0">
  <testcase classname="DynamicWebTable" name="testSortAndVerify" time="18.721"/>
  <testcase classname="DynamicWebTable" name="testExtractAndValidate" time="24.887"/>
</testsuite> <!-- DynamicWebTable -->
