<?xml version="1.0" encoding="UTF-8"?>
<!-- Generated by org.testng.reporters.JUnitReportReporter -->
<testsuite hostname="Durvesh_Intern" failures="0" tests="2" name="assignment2.DynamicWebTable" time="50.348" errors="0" timestamp="2024-09-12T19:54:08 IST" skipped="0">
  <testcase classname="assignment2.DynamicWebTable" name="testExtractAndValidate" time="24.798"/>
  <testcase classname="assignment2.DynamicWebTable" name="testSortAndVerify" time="25.550"/>
</testsuite> <!-- assignment2.DynamicWebTable -->
