<?xml version="1.0" encoding="UTF-8"?>
<!-- Generated by org.testng.reporters.JUnitReportReporter -->
<testsuite hostname="Durvesh_Intern" failures="0" tests="1" name="assignment3.HandlingDynamicElements" time="10.126" errors="0" timestamp="2024-09-13T20:06:48 IST" skipped="0">
  <testcase classname="assignment3.HandlingDynamicElements" name="HandlingDynamicElements" time="10.126"/>
</testsuite> <!-- assignment3.HandlingDynamicElements -->
