<?xml version="1.0" encoding="UTF-8"?>
<!-- Generated by org.testng.reporters.JUnitReportReporter -->
<testsuite hostname="Durvesh_Intern" failures="0" tests="3" name="assignment3.FileUploadAndDownload" time="15.049" errors="0" timestamp="2024-09-12T19:54:08 IST" skipped="0">
  <testcase classname="assignment3.FileUploadAndDownload" name="FileDownload2" time="5.745"/>
  <testcase classname="assignment3.FileUploadAndDownload" name="FileUpload" time="4.195"/>
  <testcase classname="assignment3.FileUploadAndDownload" name="FileDownload" time="5.109"/>
</testsuite> <!-- assignment3.FileUploadAndDownload -->
